Using pre-set license
Built from '2020.2/release' branch; Version is '2020.2.4f1 (becced5a802b) revision 12504301'; Using compiler version '192528614'; Build Type 'Release'
OS: 'Windows 10 Home; OS build 19042.804; Version 2009; 64bit' Language: 'en' Physical Memory: 15779 MB
BatchMode: 1, IsHumanControllingUs: 0, StartBugReporterOnCrash: 0, Is64bit: 1, IsPro: 0

 COMMAND LINE ARGUMENTS:
C:\Program Files\Unity\Hub\Editor\2020.2.4f1\Editor\Unity.exe
-adb2
-batchMode
-noUpm
-name
AssetImportWorker0
-projectPath
F:/Workspace/UnityProjects/Liminal
-logFile
Logs/AssetImportWorker0.log
-srvPort
59532
Successfully changed project path to: F:/Workspace/UnityProjects/Liminal
F:/Workspace/UnityProjects/Liminal
Using Asset Import Pipeline V2.
Refreshing native plugins compatible for Editor in 28.07 ms, found 0 plugins.
Preloading 0 native plugins for Editor in 0.00 ms.
Initialize engine version: 2020.2.4f1 (becced5a802b)
[Subsystems] Discovering subsystems at path C:/Program Files/Unity/Hub/Editor/2020.2.4f1/Editor/Data/Resources/UnitySubsystems
[Subsystems] Discovering subsystems at path F:/Workspace/UnityProjects/Liminal/Assets
GfxDevice: creating device client; threaded=0
Direct3D:
    Version:  Direct3D 11.0 [level 11.1]
    Renderer: NVIDIA GeForce GTX 1070 (ID=0x1b81)
    Vendor:   
    VRAM:     8088 MB
    Driver:   27.21.14.6140
Initialize mono
Mono path[0] = 'C:/Program Files/Unity/Hub/Editor/2020.2.4f1/Editor/Data/Managed'
Mono path[1] = 'C:/Program Files/Unity/Hub/Editor/2020.2.4f1/Editor/Data/MonoBleedingEdge/lib/mono/unityjit'
Mono config path = 'C:/Program Files/Unity/Hub/Editor/2020.2.4f1/Editor/Data/MonoBleedingEdge/etc'
Using monoOptions --debugger-agent=transport=dt_socket,embedding=1,server=y,suspend=n,address=127.0.0.1:56748
Begin MonoManager ReloadAssembly
Registering precompiled unity dll's ...
Register platform support module: C:/Program Files/Unity/Hub/Editor/2020.2.4f1/Editor/Data/PlaybackEngines/WindowsStandaloneSupport/UnityEditor.WindowsStandalone.Extensions.dll
Registered in 0.001826 seconds.
Native extension for WindowsStandalone target not found
Refreshing native plugins compatible for Editor in 26.05 ms, found 0 plugins.
Preloading 0 native plugins for Editor in 0.00 ms.
Invoked RoslynAnalysisRunner static constructor.
RoslynAnalysisRunner will not be running.
RoslynAnalysisRunner has terminated.
Mono: successfully reloaded assembly
- Completed reload, in  0.925 seconds
Platform modules already initialized, skipping
Registering precompiled user dll's ...
Registered in 0.000556 seconds.
Begin MonoManager ReloadAssembly
Native extension for WindowsStandalone target not found
Refreshing native plugins compatible for Editor in 0.26 ms, found 0 plugins.
Preloading 0 native plugins for Editor in 0.00 ms.
Invoked RoslynAnalysisRunner static constructor.
RoslynAnalysisRunner will not be running.
RoslynAnalysisRunner has terminated.
Mono: successfully reloaded assembly
- Completed reload, in  0.827 seconds
Platform modules already initialized, skipping
========================================================================
Worker process is ready to serve import requests
Launched and connected shader compiler UnityShaderCompiler.exe after 0.05 seconds
Refreshing native plugins compatible for Editor in 0.26 ms, found 0 plugins.
Preloading 0 native plugins for Editor in 0.00 ms.
Unloading 1608 Unused Serialized files (Serialized files now loaded: 0)
System memory in use before: 77.0 MB.
System memory in use after: 77.1 MB.

Unloading 70 unused Assets to reduce memory usage. Loaded Objects now: 2046.
Total: 2.962100 ms (FindLiveObjects: 0.191700 ms CreateObjectMapping: 0.090600 ms MarkObjects: 2.416600 ms  DeleteObjects: 0.262100 ms)

========================================================================
Received Import Request.
  path: Assets/Scripts/SmoothMouseLook.cs
  artifactKey: Guid(81ee217716e7db74196c6311733ff7c8) Importer(815301076,1909f56bfc062723c751e8b465ee728b)
Start importing Assets/Scripts/SmoothMouseLook.cs using Guid(81ee217716e7db74196c6311733ff7c8) Importer(815301076,1909f56bfc062723c751e8b465ee728b)  -> (artifact id: '06cf4f43ad825cf3b5ebce647322bed2') in 0.034309 seconds
  Import took 0.036593 seconds .

========================================================================
Received Prepare
Registering precompiled user dll's ...
Registered in 0.000580 seconds.
Begin MonoManager ReloadAssembly
Native extension for WindowsStandalone target not found
Refreshing native plugins compatible for Editor in 0.28 ms, found 0 plugins.
Preloading 0 native plugins for Editor in 0.00 ms.
Warning: Annotation not found!
UnityEngine.StackTraceUtility:ExtractStackTrace ()
UnityEditor.ProBuilder.EditorUtility:SetGizmoIconEnabled (System.Type,bool) (at Library/PackageCache/com.unity.probuilder@4.5.0/Editor/EditorCore/EditorUtility.cs:593)
UnityEditor.ProBuilder.HierarchyListener:.cctor () (at Library/PackageCache/com.unity.probuilder@4.5.0/Editor/EditorCore/HierarchyListener.cs:21)
System.Runtime.CompilerServices.RuntimeHelpers:RunClassConstructor (System.RuntimeTypeHandle)
UnityEditor.EditorAssemblies:ProcessInitializeOnLoadAttributes (System.Type[])

[Library/PackageCache/com.unity.probuilder@4.5.0/Editor/EditorCore/EditorUtility.cs line 593]

Invoked RoslynAnalysisRunner static constructor.
RoslynAnalysisRunner will not be running.
RoslynAnalysisRunner has terminated.
Mono: successfully reloaded assembly
- Completed reload, in  0.786 seconds
Platform modules already initialized, skipping
Refreshing native plugins compatible for Editor in 0.27 ms, found 0 plugins.
Preloading 0 native plugins for Editor in 0.00 ms.
Unloading 1570 Unused Serialized files (Serialized files now loaded: 0)
System memory in use before: 74.7 MB.
System memory in use after: 74.8 MB.

Unloading 6 unused Assets to reduce memory usage. Loaded Objects now: 2048.
Total: 2.579300 ms (FindLiveObjects: 0.231000 ms CreateObjectMapping: 0.085000 ms MarkObjects: 2.109900 ms  DeleteObjects: 0.151500 ms)

========================================================================
Received Import Request.
  Time since last request: 247.240328 seconds.
  path: Assets/Scripts/PlayerMovement.cs
  artifactKey: Guid(55d8c4de9b4ff1d4fbc49cd6c282a1ed) Importer(815301076,1909f56bfc062723c751e8b465ee728b)
Start importing Assets/Scripts/PlayerMovement.cs using Guid(55d8c4de9b4ff1d4fbc49cd6c282a1ed) Importer(815301076,1909f56bfc062723c751e8b465ee728b)  -> (artifact id: '5548c398924d3ca440973b90eaed3bee') in 0.007462 seconds
  Import took 0.010239 seconds .

========================================================================
Received Prepare
Registering precompiled user dll's ...
Registered in 0.000608 seconds.
Begin MonoManager ReloadAssembly
Native extension for WindowsStandalone target not found
Refreshing native plugins compatible for Editor in 0.26 ms, found 0 plugins.
Preloading 0 native plugins for Editor in 0.00 ms.
Warning: Annotation not found!
UnityEngine.StackTraceUtility:ExtractStackTrace ()
UnityEditor.ProBuilder.EditorUtility:SetGizmoIconEnabled (System.Type,bool) (at Library/PackageCache/com.unity.probuilder@4.5.0/Editor/EditorCore/EditorUtility.cs:593)
UnityEditor.ProBuilder.HierarchyListener:.cctor () (at Library/PackageCache/com.unity.probuilder@4.5.0/Editor/EditorCore/HierarchyListener.cs:21)
System.Runtime.CompilerServices.RuntimeHelpers:RunClassConstructor (System.RuntimeTypeHandle)
UnityEditor.EditorAssemblies:ProcessInitializeOnLoadAttributes (System.Type[])

[Library/PackageCache/com.unity.probuilder@4.5.0/Editor/EditorCore/EditorUtility.cs line 593]

Invoked RoslynAnalysisRunner static constructor.
RoslynAnalysisRunner will not be running.
RoslynAnalysisRunner has terminated.
Mono: successfully reloaded assembly
- Completed reload, in  0.869 seconds
Platform modules already initialized, skipping
Refreshing native plugins compatible for Editor in 0.26 ms, found 0 plugins.
Preloading 0 native plugins for Editor in 0.00 ms.
Unloading 1570 Unused Serialized files (Serialized files now loaded: 0)
System memory in use before: 74.8 MB.
System memory in use after: 74.8 MB.

Unloading 6 unused Assets to reduce memory usage. Loaded Objects now: 2050.
Total: 1.736200 ms (FindLiveObjects: 0.146600 ms CreateObjectMapping: 0.041700 ms MarkObjects: 1.454500 ms  DeleteObjects: 0.092600 ms)

========================================================================
Received Prepare
Registering precompiled user dll's ...
Registered in 0.000549 seconds.
Begin MonoManager ReloadAssembly
Native extension for WindowsStandalone target not found
Refreshing native plugins compatible for Editor in 0.29 ms, found 0 plugins.
Preloading 0 native plugins for Editor in 0.00 ms.
Warning: Annotation not found!
UnityEngine.StackTraceUtility:ExtractStackTrace ()
UnityEditor.ProBuilder.EditorUtility:SetGizmoIconEnabled (System.Type,bool) (at Library/PackageCache/com.unity.probuilder@4.5.0/Editor/EditorCore/EditorUtility.cs:593)
UnityEditor.ProBuilder.HierarchyListener:.cctor () (at Library/PackageCache/com.unity.probuilder@4.5.0/Editor/EditorCore/HierarchyListener.cs:21)
System.Runtime.CompilerServices.RuntimeHelpers:RunClassConstructor (System.RuntimeTypeHandle)
UnityEditor.EditorAssemblies:ProcessInitializeOnLoadAttributes (System.Type[])

[Library/PackageCache/com.unity.probuilder@4.5.0/Editor/EditorCore/EditorUtility.cs line 593]

Invoked RoslynAnalysisRunner static constructor.
RoslynAnalysisRunner will not be running.
RoslynAnalysisRunner has terminated.
Mono: successfully reloaded assembly
- Completed reload, in  0.721 seconds
Platform modules already initialized, skipping
Refreshing native plugins compatible for Editor in 0.27 ms, found 0 plugins.
Preloading 0 native plugins for Editor in 0.00 ms.
Unloading 1569 Unused Serialized files (Serialized files now loaded: 0)
System memory in use before: 74.8 MB.
System memory in use after: 74.8 MB.

Unloading 7 unused Assets to reduce memory usage. Loaded Objects now: 2051.
Total: 2.846700 ms (FindLiveObjects: 0.160000 ms CreateObjectMapping: 0.057300 ms MarkObjects: 2.491100 ms  DeleteObjects: 0.137000 ms)

========================================================================
Received Prepare
Registering precompiled user dll's ...
Registered in 0.000551 seconds.
Begin MonoManager ReloadAssembly
Native extension for WindowsStandalone target not found
Refreshing native plugins compatible for Editor in 0.26 ms, found 0 plugins.
Preloading 0 native plugins for Editor in 0.00 ms.
Warning: Annotation not found!
UnityEngine.StackTraceUtility:ExtractStackTrace ()
UnityEditor.ProBuilder.EditorUtility:SetGizmoIconEnabled (System.Type,bool) (at Library/PackageCache/com.unity.probuilder@4.5.0/Editor/EditorCore/EditorUtility.cs:593)
UnityEditor.ProBuilder.HierarchyListener:.cctor () (at Library/PackageCache/com.unity.probuilder@4.5.0/Editor/EditorCore/HierarchyListener.cs:21)
System.Runtime.CompilerServices.RuntimeHelpers:RunClassConstructor (System.RuntimeTypeHandle)
UnityEditor.EditorAssemblies:ProcessInitializeOnLoadAttributes (System.Type[])

[Library/PackageCache/com.unity.probuilder@4.5.0/Editor/EditorCore/EditorUtility.cs line 593]

Invoked RoslynAnalysisRunner static constructor.
RoslynAnalysisRunner will not be running.
RoslynAnalysisRunner has terminated.
Mono: successfully reloaded assembly
- Completed reload, in  0.694 seconds
Platform modules already initialized, skipping
Refreshing native plugins compatible for Editor in 0.26 ms, found 0 plugins.
Preloading 0 native plugins for Editor in 0.00 ms.
Unloading 1570 Unused Serialized files (Serialized files now loaded: 0)
System memory in use before: 74.8 MB.
System memory in use after: 74.8 MB.

Unloading 6 unused Assets to reduce memory usage. Loaded Objects now: 2054.
Total: 1.810000 ms (FindLiveObjects: 0.183500 ms CreateObjectMapping: 0.045800 ms MarkObjects: 1.484100 ms  DeleteObjects: 0.095600 ms)

========================================================================
Received Prepare
Registering precompiled user dll's ...
Registered in 0.000590 seconds.
Begin MonoManager ReloadAssembly
Native extension for WindowsStandalone target not found
Refreshing native plugins compatible for Editor in 0.26 ms, found 0 plugins.
Preloading 0 native plugins for Editor in 0.00 ms.
Warning: Annotation not found!
UnityEngine.StackTraceUtility:ExtractStackTrace ()
UnityEditor.ProBuilder.EditorUtility:SetGizmoIconEnabled (System.Type,bool) (at Library/PackageCache/com.unity.probuilder@4.5.0/Editor/EditorCore/EditorUtility.cs:593)
UnityEditor.ProBuilder.HierarchyListener:.cctor () (at Library/PackageCache/com.unity.probuilder@4.5.0/Editor/EditorCore/HierarchyListener.cs:21)
System.Runtime.CompilerServices.RuntimeHelpers:RunClassConstructor (System.RuntimeTypeHandle)
UnityEditor.EditorAssemblies:ProcessInitializeOnLoadAttributes (System.Type[])

[Library/PackageCache/com.unity.probuilder@4.5.0/Editor/EditorCore/EditorUtility.cs line 593]

Invoked RoslynAnalysisRunner static constructor.
RoslynAnalysisRunner will not be running.
RoslynAnalysisRunner has terminated.
Mono: successfully reloaded assembly
- Completed reload, in  0.686 seconds
Platform modules already initialized, skipping
Refreshing native plugins compatible for Editor in 0.26 ms, found 0 plugins.
Preloading 0 native plugins for Editor in 0.00 ms.
Unloading 1570 Unused Serialized files (Serialized files now loaded: 0)
System memory in use before: 74.8 MB.
System memory in use after: 74.8 MB.

Unloading 6 unused Assets to reduce memory usage. Loaded Objects now: 2056.
Total: 2.365100 ms (FindLiveObjects: 0.156800 ms CreateObjectMapping: 0.057200 ms MarkObjects: 2.023800 ms  DeleteObjects: 0.126000 ms)

========================================================================
Received Import Request.
  Time since last request: 154.641555 seconds.
  path: Assets/Scripts
  artifactKey: Guid(39bdd34f03948e444984269b7d25a94a) Importer(815301076,1909f56bfc062723c751e8b465ee728b)
Start importing Assets/Scripts using Guid(39bdd34f03948e444984269b7d25a94a) Importer(815301076,1909f56bfc062723c751e8b465ee728b)  -> (artifact id: 'dd7c3663d687fa522685c5c9d2e089b7') in 0.007202 seconds
  Import took 0.009458 seconds .

========================================================================
Received Import Request.
  Time since last request: 0.553835 seconds.
  path: Assets/Scripts/MouseLook.cs
  artifactKey: Guid(121fb3ea5767f2745a00cc4ba23cf203) Importer(815301076,1909f56bfc062723c751e8b465ee728b)
Start importing Assets/Scripts/MouseLook.cs using Guid(121fb3ea5767f2745a00cc4ba23cf203) Importer(815301076,1909f56bfc062723c751e8b465ee728b)  -> (artifact id: 'b896141ea8b8f97de03663926e731eb5') in 0.005042 seconds
  Import took 0.007644 seconds .

========================================================================
Received Import Request.
  Time since last request: 0.000447 seconds.
  path: Assets/Scripts/MouseLook.cs
  artifactKey: Guid(121fb3ea5767f2745a00cc4ba23cf203) Importer(815301076,1909f56bfc062723c751e8b465ee728b)
Start importing Assets/Scripts/MouseLook.cs using Guid(121fb3ea5767f2745a00cc4ba23cf203) Importer(815301076,1909f56bfc062723c751e8b465ee728b)  -> (artifact id: 'b896141ea8b8f97de03663926e731eb5') in 0.001679 seconds
  Import took 0.003842 seconds .

========================================================================
Received Prepare
Registering precompiled user dll's ...
Registered in 0.000575 seconds.
Begin MonoManager ReloadAssembly
Native extension for WindowsStandalone target not found
Refreshing native plugins compatible for Editor in 0.26 ms, found 0 plugins.
Preloading 0 native plugins for Editor in 0.00 ms.
Warning: Annotation not found!
UnityEngine.StackTraceUtility:ExtractStackTrace ()
UnityEditor.ProBuilder.EditorUtility:SetGizmoIconEnabled (System.Type,bool) (at Library/PackageCache/com.unity.probuilder@4.5.0/Editor/EditorCore/EditorUtility.cs:593)
UnityEditor.ProBuilder.HierarchyListener:.cctor () (at Library/PackageCache/com.unity.probuilder@4.5.0/Editor/EditorCore/HierarchyListener.cs:21)
System.Runtime.CompilerServices.RuntimeHelpers:RunClassConstructor (System.RuntimeTypeHandle)
UnityEditor.EditorAssemblies:ProcessInitializeOnLoadAttributes (System.Type[])

[Library/PackageCache/com.unity.probuilder@4.5.0/Editor/EditorCore/EditorUtility.cs line 593]

Invoked RoslynAnalysisRunner static constructor.
RoslynAnalysisRunner will not be running.
RoslynAnalysisRunner has terminated.
Mono: successfully reloaded assembly
- Completed reload, in  0.690 seconds
Platform modules already initialized, skipping
Refreshing native plugins compatible for Editor in 0.25 ms, found 0 plugins.
Preloading 0 native plugins for Editor in 0.00 ms.
Unloading 1570 Unused Serialized files (Serialized files now loaded: 0)
System memory in use before: 74.8 MB.
System memory in use after: 74.9 MB.

Unloading 6 unused Assets to reduce memory usage. Loaded Objects now: 2058.
Total: 2.282400 ms (FindLiveObjects: 0.250200 ms CreateObjectMapping: 0.094900 ms MarkObjects: 1.818500 ms  DeleteObjects: 0.117200 ms)

========================================================================
Received Import Request.
  Time since last request: 2309.484928 seconds.
  path: Assets/Scripts/MouseLook.cs
  artifactKey: Guid(121fb3ea5767f2745a00cc4ba23cf203) Importer(815301076,1909f56bfc062723c751e8b465ee728b)
Start importing Assets/Scripts/MouseLook.cs using Guid(121fb3ea5767f2745a00cc4ba23cf203) Importer(815301076,1909f56bfc062723c751e8b465ee728b)  -> (artifact id: 'c64352955c7a146bf890afc15c266863') in 0.004264 seconds
  Import took 0.008012 seconds .

========================================================================
Received Prepare
Registering precompiled user dll's ...
Registered in 0.000669 seconds.
Begin MonoManager ReloadAssembly
Native extension for WindowsStandalone target not found
Refreshing native plugins compatible for Editor in 0.26 ms, found 0 plugins.
Preloading 0 native plugins for Editor in 0.00 ms.
Warning: Annotation not found!
UnityEngine.StackTraceUtility:ExtractStackTrace ()
UnityEditor.ProBuilder.EditorUtility:SetGizmoIconEnabled (System.Type,bool) (at Library/PackageCache/com.unity.probuilder@4.5.0/Editor/EditorCore/EditorUtility.cs:593)
UnityEditor.ProBuilder.HierarchyListener:.cctor () (at Library/PackageCache/com.unity.probuilder@4.5.0/Editor/EditorCore/HierarchyListener.cs:21)
System.Runtime.CompilerServices.RuntimeHelpers:RunClassConstructor (System.RuntimeTypeHandle)
UnityEditor.EditorAssemblies:ProcessInitializeOnLoadAttributes (System.Type[])

[Library/PackageCache/com.unity.probuilder@4.5.0/Editor/EditorCore/EditorUtility.cs line 593]

Invoked RoslynAnalysisRunner static constructor.
RoslynAnalysisRunner will not be running.
RoslynAnalysisRunner has terminated.
Mono: successfully reloaded assembly
- Completed reload, in  0.737 seconds
Platform modules already initialized, skipping
Refreshing native plugins compatible for Editor in 0.26 ms, found 0 plugins.
Preloading 0 native plugins for Editor in 0.00 ms.
Unloading 1570 Unused Serialized files (Serialized files now loaded: 0)
System memory in use before: 74.8 MB.
System memory in use after: 74.9 MB.

Unloading 6 unused Assets to reduce memory usage. Loaded Objects now: 2060.
Total: 1.954100 ms (FindLiveObjects: 0.186100 ms CreateObjectMapping: 0.055100 ms MarkObjects: 1.603600 ms  DeleteObjects: 0.107600 ms)

========================================================================
Received Prepare
Registering precompiled user dll's ...
Registered in 0.000600 seconds.
Begin MonoManager ReloadAssembly
Native extension for WindowsStandalone target not found
Refreshing native plugins compatible for Editor in 0.27 ms, found 0 plugins.
Preloading 0 native plugins for Editor in 0.00 ms.
Warning: Annotation not found!
UnityEngine.StackTraceUtility:ExtractStackTrace ()
UnityEditor.ProBuilder.EditorUtility:SetGizmoIconEnabled (System.Type,bool) (at Library/PackageCache/com.unity.probuilder@4.5.0/Editor/EditorCore/EditorUtility.cs:593)
UnityEditor.ProBuilder.HierarchyListener:.cctor () (at Library/PackageCache/com.unity.probuilder@4.5.0/Editor/EditorCore/HierarchyListener.cs:21)
System.Runtime.CompilerServices.RuntimeHelpers:RunClassConstructor (System.RuntimeTypeHandle)
UnityEditor.EditorAssemblies:ProcessInitializeOnLoadAttributes (System.Type[])

[Library/PackageCache/com.unity.probuilder@4.5.0/Editor/EditorCore/EditorUtility.cs line 593]

Invoked RoslynAnalysisRunner static constructor.
RoslynAnalysisRunner will not be running.
RoslynAnalysisRunner has terminated.
Mono: successfully reloaded assembly
- Completed reload, in  0.691 seconds
Platform modules already initialized, skipping
Refreshing native plugins compatible for Editor in 0.26 ms, found 0 plugins.
Preloading 0 native plugins for Editor in 0.00 ms.
Unloading 1570 Unused Serialized files (Serialized files now loaded: 0)
System memory in use before: 74.8 MB.
System memory in use after: 74.9 MB.

Unloading 6 unused Assets to reduce memory usage. Loaded Objects now: 2062.
Total: 2.142200 ms (FindLiveObjects: 0.169700 ms CreateObjectMapping: 0.054200 ms MarkObjects: 1.816000 ms  DeleteObjects: 0.101100 ms)

========================================================================
Received Prepare
Registering precompiled user dll's ...
Registered in 0.000712 seconds.
Begin MonoManager ReloadAssembly
Native extension for WindowsStandalone target not found
Refreshing native plugins compatible for Editor in 0.27 ms, found 0 plugins.
Preloading 0 native plugins for Editor in 0.00 ms.
Warning: Annotation not found!
UnityEngine.StackTraceUtility:ExtractStackTrace ()
UnityEditor.ProBuilder.EditorUtility:SetGizmoIconEnabled (System.Type,bool) (at Library/PackageCache/com.unity.probuilder@4.5.0/Editor/EditorCore/EditorUtility.cs:593)
UnityEditor.ProBuilder.HierarchyListener:.cctor () (at Library/PackageCache/com.unity.probuilder@4.5.0/Editor/EditorCore/HierarchyListener.cs:21)
System.Runtime.CompilerServices.RuntimeHelpers:RunClassConstructor (System.RuntimeTypeHandle)
UnityEditor.EditorAssemblies:ProcessInitializeOnLoadAttributes (System.Type[])

[Library/PackageCache/com.unity.probuilder@4.5.0/Editor/EditorCore/EditorUtility.cs line 593]

Invoked RoslynAnalysisRunner static constructor.
RoslynAnalysisRunner will not be running.
RoslynAnalysisRunner has terminated.
Mono: successfully reloaded assembly
- Completed reload, in  0.822 seconds
Platform modules already initialized, skipping
Refreshing native plugins compatible for Editor in 0.27 ms, found 0 plugins.
Preloading 0 native plugins for Editor in 0.00 ms.
Unloading 1570 Unused Serialized files (Serialized files now loaded: 0)
System memory in use before: 74.8 MB.
System memory in use after: 74.9 MB.

Unloading 6 unused Assets to reduce memory usage. Loaded Objects now: 2064.
Total: 2.332500 ms (FindLiveObjects: 0.175000 ms CreateObjectMapping: 0.058500 ms MarkObjects: 1.992500 ms  DeleteObjects: 0.105200 ms)

========================================================================
Received Import Request.
  Time since last request: 999.375985 seconds.
  path: Assets/Metal textures pack/pattern 01/diffuse.tga
  artifactKey: Guid(9b1dbb54b9c5f1143aa7e0be2921a7bb) Importer(815301076,1909f56bfc062723c751e8b465ee728b)
Start importing Assets/Metal textures pack/pattern 01/diffuse.tga using Guid(9b1dbb54b9c5f1143aa7e0be2921a7bb) Importer(815301076,1909f56bfc062723c751e8b465ee728b)  -> (artifact id: '687fb7c005e1a8955f1b534b345cb9ab') in 0.051457 seconds
  Import took 0.054286 seconds .

========================================================================
Received Import Request.
  Time since last request: 0.000156 seconds.
  path: Assets/Metal textures pack/pattern 01/preview.jpg
  artifactKey: Guid(aa0257eecdfa585408868c2a87a274b0) Importer(815301076,1909f56bfc062723c751e8b465ee728b)
Start importing Assets/Metal textures pack/pattern 01/preview.jpg using Guid(aa0257eecdfa585408868c2a87a274b0) Importer(815301076,1909f56bfc062723c751e8b465ee728b)  -> (artifact id: '8cd6b10f2de34c3a4966e0cab489b6d9') in 0.091031 seconds
  Import took 0.093255 seconds .

========================================================================
Received Import Request.
  Time since last request: 0.000156 seconds.
  path: Assets/Metal textures pack/pattern 01/normal.tga
  artifactKey: Guid(d5854954021862c4fa2da43144b07404) Importer(815301076,1909f56bfc062723c751e8b465ee728b)
Start importing Assets/Metal textures pack/pattern 01/normal.tga using Guid(d5854954021862c4fa2da43144b07404) Importer(815301076,1909f56bfc062723c751e8b465ee728b)  -> (artifact id: '505b5221fae679bc7c6ac21032f6fdf4') in 0.039653 seconds
  Import took 0.041903 seconds .

========================================================================
Received Import Request.
  Time since last request: 0.000163 seconds.
  path: Assets/Metal textures pack/pattern 01/Metal pattern 01.mat
  artifactKey: Guid(37db27cd90bcb064daf2429fa42e022f) Importer(815301076,1909f56bfc062723c751e8b465ee728b)
Start importing Assets/Metal textures pack/pattern 01/Metal pattern 01.mat using Guid(37db27cd90bcb064daf2429fa42e022f) Importer(815301076,1909f56bfc062723c751e8b465ee728b)  -> (artifact id: 'd72032dffc8b41434ba4ab3180e786e9') in 0.214622 seconds
  Import took 0.217335 seconds .

========================================================================
Received Import Request.
  Time since last request: 9.270784 seconds.
  path: Assets/Metal textures pack/pattern 02/diffuse.tga
  artifactKey: Guid(d889d2a44b4845649bcd8ce458bae837) Importer(815301076,1909f56bfc062723c751e8b465ee728b)
Start importing Assets/Metal textures pack/pattern 02/diffuse.tga using Guid(d889d2a44b4845649bcd8ce458bae837) Importer(815301076,1909f56bfc062723c751e8b465ee728b)  -> (artifact id: '367ba86983a51d827d7bcf15013cbf2d') in 0.011166 seconds
  Import took 0.014441 seconds .

========================================================================
Received Import Request.
  Time since last request: 0.000172 seconds.
  path: Assets/Metal textures pack/pattern 02/normal.tga
  artifactKey: Guid(67281eba38c0da0429b588ccd843fc77) Importer(815301076,1909f56bfc062723c751e8b465ee728b)
Start importing Assets/Metal textures pack/pattern 02/normal.tga using Guid(67281eba38c0da0429b588ccd843fc77) Importer(815301076,1909f56bfc062723c751e8b465ee728b)  -> (artifact id: '2557505781db6524adb89be39c1c2b53') in 0.016097 seconds
  Import took 0.019528 seconds .

========================================================================
Received Import Request.
  Time since last request: 0.000170 seconds.
  path: Assets/Metal textures pack/pattern 02/glow.tga
  artifactKey: Guid(ce1f22b4f74a54a49bd756acdb4b44c6) Importer(815301076,1909f56bfc062723c751e8b465ee728b)
Start importing Assets/Metal textures pack/pattern 02/glow.tga using Guid(ce1f22b4f74a54a49bd756acdb4b44c6) Importer(815301076,1909f56bfc062723c751e8b465ee728b)  -> (artifact id: '70a72d40814f28b8d148935e1e25b227') in 0.013052 seconds
  Import took 0.016188 seconds .

========================================================================
Received Import Request.
  Time since last request: 0.000142 seconds.
  path: Assets/Metal textures pack/pattern 02/Metal pattern 02.mat
  artifactKey: Guid(a792762246421814b9b893a7e580ea87) Importer(815301076,1909f56bfc062723c751e8b465ee728b)
Start importing Assets/Metal textures pack/pattern 02/Metal pattern 02.mat using Guid(a792762246421814b9b893a7e580ea87) Importer(815301076,1909f56bfc062723c751e8b465ee728b)  -> (artifact id: 'd61dcebae460137ee3952f942db58a7f') in 0.145364 seconds
  Import took 0.147619 seconds .

========================================================================
Received Import Request.
  Time since last request: 0.000140 seconds.
  path: Assets/Metal textures pack/pattern 02/preview.jpg
  artifactKey: Guid(6ef013bf690760148959c97deea14045) Importer(815301076,1909f56bfc062723c751e8b465ee728b)
Start importing Assets/Metal textures pack/pattern 02/preview.jpg using Guid(6ef013bf690760148959c97deea14045) Importer(815301076,1909f56bfc062723c751e8b465ee728b)  -> (artifact id: '86743130eb45bea2df4a2d14f92f6c05') in 0.009015 seconds
  Import took 0.011388 seconds .

========================================================================
Received Import Request.
  Time since last request: 4.013860 seconds.
  path: Assets/Metal textures pack/pattern 03/diffuse.tga
  artifactKey: Guid(fe2a0c89a1db804408d0ce437e3d2f59) Importer(815301076,1909f56bfc062723c751e8b465ee728b)
Start importing Assets/Metal textures pack/pattern 03/diffuse.tga using Guid(fe2a0c89a1db804408d0ce437e3d2f59) Importer(815301076,1909f56bfc062723c751e8b465ee728b)  -> (artifact id: '1e68b44f6527fb7d6c610f50119f09f9') in 0.010773 seconds
  Import took 0.013333 seconds .

========================================================================
Received Import Request.
  Time since last request: 0.000149 seconds.
  path: Assets/Metal textures pack/pattern 03/preview.jpg
  artifactKey: Guid(094b07da3ad5162409852614336f9390) Importer(815301076,1909f56bfc062723c751e8b465ee728b)
Start importing Assets/Metal textures pack/pattern 03/preview.jpg using Guid(094b07da3ad5162409852614336f9390) Importer(815301076,1909f56bfc062723c751e8b465ee728b)  -> (artifact id: 'f46b7a7e2aa0cc8fa5017e11ce9b9c9f') in 0.016158 seconds
  Import took 0.019587 seconds .

========================================================================
Received Import Request.
  Time since last request: 0.000228 seconds.
  path: Assets/Metal textures pack/pattern 03/Metal pattern 03.mat
  artifactKey: Guid(5cc7ebbd2acd2764e88237b9e362dd82) Importer(815301076,1909f56bfc062723c751e8b465ee728b)
Start importing Assets/Metal textures pack/pattern 03/Metal pattern 03.mat using Guid(5cc7ebbd2acd2764e88237b9e362dd82) Importer(815301076,1909f56bfc062723c751e8b465ee728b)  -> (artifact id: '27e7325ca6081ba2a4f4133cd48192e1') in 0.026094 seconds
  Import took 0.030180 seconds .

========================================================================
Received Import Request.
  Time since last request: 0.000173 seconds.
  path: Assets/Metal textures pack/pattern 03/normal.tga
  artifactKey: Guid(1e1dd049614ab114c964d06be44cc7a3) Importer(815301076,1909f56bfc062723c751e8b465ee728b)
Start importing Assets/Metal textures pack/pattern 03/normal.tga using Guid(1e1dd049614ab114c964d06be44cc7a3) Importer(815301076,1909f56bfc062723c751e8b465ee728b)  -> (artifact id: 'aa44c2bc0c96dd96a9d0e8d15d7aa9dd') in 0.012237 seconds
  Import took 0.014756 seconds .

========================================================================
Received Import Request.
  Time since last request: 2.816240 seconds.
  path: Assets/Metal textures pack/pattern 04/diffuse.tga
  artifactKey: Guid(555ee02ef69a5e34da1d4d961b7542af) Importer(815301076,1909f56bfc062723c751e8b465ee728b)
Start importing Assets/Metal textures pack/pattern 04/diffuse.tga using Guid(555ee02ef69a5e34da1d4d961b7542af) Importer(815301076,1909f56bfc062723c751e8b465ee728b)  -> (artifact id: '92689b4e4c774ec37a28f1149125685b') in 0.009968 seconds
  Import took 0.012877 seconds .

========================================================================
Received Import Request.
  Time since last request: 0.000159 seconds.
  path: Assets/Metal textures pack/pattern 04/preview.jpg
  artifactKey: Guid(7e5f58b131b7be14a8c4983374f3608b) Importer(815301076,1909f56bfc062723c751e8b465ee728b)
Start importing Assets/Metal textures pack/pattern 04/preview.jpg using Guid(7e5f58b131b7be14a8c4983374f3608b) Importer(815301076,1909f56bfc062723c751e8b465ee728b)  -> (artifact id: '91e2a771fd9eb887bf8ef81e1af7f905') in 0.010431 seconds
  Import took 0.013399 seconds .

========================================================================
Received Import Request.
  Time since last request: 0.000147 seconds.
  path: Assets/Metal textures pack/pattern 04/Metal pattern 04.mat
  artifactKey: Guid(5b8c01216e1b54c4eb59ab00cf82bd05) Importer(815301076,1909f56bfc062723c751e8b465ee728b)
Start importing Assets/Metal textures pack/pattern 04/Metal pattern 04.mat using Guid(5b8c01216e1b54c4eb59ab00cf82bd05) Importer(815301076,1909f56bfc062723c751e8b465ee728b)  -> (artifact id: '2e84396d4dc24abb797f516525918b8e') in 0.145046 seconds
  Import took 0.148128 seconds .

========================================================================
Received Import Request.
  Time since last request: 0.000213 seconds.
  path: Assets/Metal textures pack/pattern 04/normal.tga
  artifactKey: Guid(627a1335b8727c348ac4edeb052e8423) Importer(815301076,1909f56bfc062723c751e8b465ee728b)
Start importing Assets/Metal textures pack/pattern 04/normal.tga using Guid(627a1335b8727c348ac4edeb052e8423) Importer(815301076,1909f56bfc062723c751e8b465ee728b)  -> (artifact id: '8116d13880b2a30d56ee0af52081c8a5') in 0.012325 seconds
  Import took 0.014896 seconds .

========================================================================
Received Import Request.
  Time since last request: 4.607979 seconds.
  path: Assets/Metal textures pack/pattern 05/diffuse.tga
  artifactKey: Guid(003e5214091340640b70531cdba2a937) Importer(815301076,1909f56bfc062723c751e8b465ee728b)
Start importing Assets/Metal textures pack/pattern 05/diffuse.tga using Guid(003e5214091340640b70531cdba2a937) Importer(815301076,1909f56bfc062723c751e8b465ee728b)  -> (artifact id: '6a4c43ab1df50b81781f82e69d7f12aa') in 0.009341 seconds
  Import took 0.012119 seconds .

========================================================================
Received Import Request.
  Time since last request: 0.000142 seconds.
  path: Assets/Metal textures pack/pattern 05/preview.jpg
  artifactKey: Guid(fd54a50920fbb74429172df0fbb24b51) Importer(815301076,1909f56bfc062723c751e8b465ee728b)
Start importing Assets/Metal textures pack/pattern 05/preview.jpg using Guid(fd54a50920fbb74429172df0fbb24b51) Importer(815301076,1909f56bfc062723c751e8b465ee728b)  -> (artifact id: 'e0331b4c124f98252806bfebe6070445') in 0.011419 seconds
  Import took 0.013680 seconds .

========================================================================
Received Import Request.
  Time since last request: 0.000163 seconds.
  path: Assets/Metal textures pack/pattern 05/Metal pattern 05.mat
  artifactKey: Guid(35fc0bb8c874eba48b22f60d878ffbe4) Importer(815301076,1909f56bfc062723c751e8b465ee728b)
Start importing Assets/Metal textures pack/pattern 05/Metal pattern 05.mat using Guid(35fc0bb8c874eba48b22f60d878ffbe4) Importer(815301076,1909f56bfc062723c751e8b465ee728b)  -> (artifact id: '41ce8ee8011df41429cab8d7022bcdc4') in 0.017012 seconds
  Import took 0.019293 seconds .

========================================================================
Received Import Request.
  Time since last request: 0.000145 seconds.
  path: Assets/Metal textures pack/pattern 05/normal.tga
  artifactKey: Guid(984a0d4933c99ab4db68d1d547fd0166) Importer(815301076,1909f56bfc062723c751e8b465ee728b)
Start importing Assets/Metal textures pack/pattern 05/normal.tga using Guid(984a0d4933c99ab4db68d1d547fd0166) Importer(815301076,1909f56bfc062723c751e8b465ee728b)  -> (artifact id: 'a3c2c4a28dca82d0c5ffbf0e33757479') in 0.012185 seconds
  Import took 0.014483 seconds .

========================================================================
Received Import Request.
  Time since last request: 3.420381 seconds.
  path: Assets/Metal textures pack/pattern 06/diffuse.tga
  artifactKey: Guid(6d99e25c326018247a9a64d77c7f2182) Importer(815301076,1909f56bfc062723c751e8b465ee728b)
Start importing Assets/Metal textures pack/pattern 06/diffuse.tga using Guid(6d99e25c326018247a9a64d77c7f2182) Importer(815301076,1909f56bfc062723c751e8b465ee728b)  -> (artifact id: '5cb124ac75d06274d613f993bed824de') in 0.010641 seconds
  Import took 0.013288 seconds .

========================================================================
Received Import Request.
  Time since last request: 0.000141 seconds.
  path: Assets/Metal textures pack/pattern 06/normal.tga
  artifactKey: Guid(78539658ce7970846941febcb6b6ef79) Importer(815301076,1909f56bfc062723c751e8b465ee728b)
Start importing Assets/Metal textures pack/pattern 06/normal.tga using Guid(78539658ce7970846941febcb6b6ef79) Importer(815301076,1909f56bfc062723c751e8b465ee728b)  -> (artifact id: '403247657e729dbf879af73b3a6f51d7') in 0.010135 seconds
  Import took 0.012840 seconds .

========================================================================
Received Import Request.
  Time since last request: 0.000164 seconds.
  path: Assets/Metal textures pack/pattern 06/preview.jpg
  artifactKey: Guid(f86006078cd11454c8b0f249e790035b) Importer(815301076,1909f56bfc062723c751e8b465ee728b)
Start importing Assets/Metal textures pack/pattern 06/preview.jpg using Guid(f86006078cd11454c8b0f249e790035b) Importer(815301076,1909f56bfc062723c751e8b465ee728b)  -> (artifact id: 'c4e55e5b4f34c8d29d3b462b62e46653') in 0.009230 seconds
  Import took 0.012800 seconds .

========================================================================
Received Import Request.
  Time since last request: 0.000147 seconds.
  path: Assets/Metal textures pack/pattern 06/Metal pattern 06.mat
  artifactKey: Guid(1b1a016856447204289da1fec2ee17e7) Importer(815301076,1909f56bfc062723c751e8b465ee728b)
Start importing Assets/Metal textures pack/pattern 06/Metal pattern 06.mat using Guid(1b1a016856447204289da1fec2ee17e7) Importer(815301076,1909f56bfc062723c751e8b465ee728b)  -> (artifact id: '7cc04ace81a8e570dad03998fd5e48fe') in 0.016064 seconds
  Import took 0.018754 seconds .

========================================================================
Received Import Request.
  Time since last request: 7.368051 seconds.
  path: Assets/Metal textures pack/pattern 07/diffuse.tga
  artifactKey: Guid(b9a5a37bd02dbb245becc695cafeb9e5) Importer(815301076,1909f56bfc062723c751e8b465ee728b)
Start importing Assets/Metal textures pack/pattern 07/diffuse.tga using Guid(b9a5a37bd02dbb245becc695cafeb9e5) Importer(815301076,1909f56bfc062723c751e8b465ee728b)  -> (artifact id: 'eefeb2c323c8eac63db058679e3838d8') in 0.010838 seconds
  Import took 0.013207 seconds .

========================================================================
Received Import Request.
  Time since last request: 0.000152 seconds.
  path: Assets/Metal textures pack/pattern 07/preview.jpg
  artifactKey: Guid(fbdb36a515d055b45b3c9eae92f35c16) Importer(815301076,1909f56bfc062723c751e8b465ee728b)
Start importing Assets/Metal textures pack/pattern 07/preview.jpg using Guid(fbdb36a515d055b45b3c9eae92f35c16) Importer(815301076,1909f56bfc062723c751e8b465ee728b)  -> (artifact id: 'e3c44396db0df326c15673797329449d') in 0.008505 seconds
  Import took 0.010909 seconds .

========================================================================
Received Import Request.
  Time since last request: 0.000149 seconds.
  path: Assets/Metal textures pack/pattern 07/Metal pattern 07.mat
  artifactKey: Guid(c195b1b9ae19d064082c33a22dc5a0f6) Importer(815301076,1909f56bfc062723c751e8b465ee728b)
Start importing Assets/Metal textures pack/pattern 07/Metal pattern 07.mat using Guid(c195b1b9ae19d064082c33a22dc5a0f6) Importer(815301076,1909f56bfc062723c751e8b465ee728b)  -> (artifact id: '981ac076490c62a6aba46e497fb127c4') in 0.015982 seconds
  Import took 0.018841 seconds .

========================================================================
Received Import Request.
  Time since last request: 0.000144 seconds.
  path: Assets/Metal textures pack/pattern 07/normal.tga
  artifactKey: Guid(7eeca9d8c8be1cf408c709859168a5d9) Importer(815301076,1909f56bfc062723c751e8b465ee728b)
Start importing Assets/Metal textures pack/pattern 07/normal.tga using Guid(7eeca9d8c8be1cf408c709859168a5d9) Importer(815301076,1909f56bfc062723c751e8b465ee728b)  -> (artifact id: '360b8313174293a22788e8643a1f32c1') in 0.009487 seconds
  Import took 0.011709 seconds .

========================================================================
Received Import Request.
  Time since last request: 4.461307 seconds.
  path: Assets/Metal textures pack/pattern 08/diffuse.tga
  artifactKey: Guid(f56715d8e1e00b5438534a740460c2e5) Importer(815301076,1909f56bfc062723c751e8b465ee728b)
Start importing Assets/Metal textures pack/pattern 08/diffuse.tga using Guid(f56715d8e1e00b5438534a740460c2e5) Importer(815301076,1909f56bfc062723c751e8b465ee728b)  -> (artifact id: '33eb8363cbaf93145f84c39b20255ff4') in 0.010921 seconds
  Import took 0.013237 seconds .

========================================================================
Received Import Request.
  Time since last request: 0.000143 seconds.
  path: Assets/Metal textures pack/pattern 08/normal.tga
  artifactKey: Guid(fb1c9762ffb56614e8b268bc68a62636) Importer(815301076,1909f56bfc062723c751e8b465ee728b)
Start importing Assets/Metal textures pack/pattern 08/normal.tga using Guid(fb1c9762ffb56614e8b268bc68a62636) Importer(815301076,1909f56bfc062723c751e8b465ee728b)  -> (artifact id: 'd083d2f86059ad5e0d75b304a3d412be') in 0.009675 seconds
  Import took 0.011942 seconds .

========================================================================
Received Import Request.
  Time since last request: 0.000183 seconds.
  path: Assets/Metal textures pack/pattern 08/Metal pattern 08.mat
  artifactKey: Guid(3fc3bbc4a9839d24eb455f5e511a1c39) Importer(815301076,1909f56bfc062723c751e8b465ee728b)
Start importing Assets/Metal textures pack/pattern 08/Metal pattern 08.mat using Guid(3fc3bbc4a9839d24eb455f5e511a1c39) Importer(815301076,1909f56bfc062723c751e8b465ee728b)  -> (artifact id: '8d0a1a52260b22678d7468998cf8b424') in 0.017804 seconds
  Import took 0.020495 seconds .

========================================================================
Received Import Request.
  Time since last request: 0.000144 seconds.
  path: Assets/Metal textures pack/pattern 08/preview.jpg
  artifactKey: Guid(a3f2bf5c84a41b64293a6da30384a2e4) Importer(815301076,1909f56bfc062723c751e8b465ee728b)
Start importing Assets/Metal textures pack/pattern 08/preview.jpg using Guid(a3f2bf5c84a41b64293a6da30384a2e4) Importer(815301076,1909f56bfc062723c751e8b465ee728b)  -> (artifact id: 'a343752aa1808d8b47bb23e0bd15f931') in 0.008140 seconds
  Import took 0.010331 seconds .

========================================================================
Received Prepare
Registering precompiled user dll's ...
Registered in 0.000755 seconds.
Begin MonoManager ReloadAssembly
Native extension for WindowsStandalone target not found
Refreshing native plugins compatible for Editor in 0.36 ms, found 0 plugins.
Preloading 0 native plugins for Editor in 0.00 ms.
Warning: Annotation not found!
UnityEngine.StackTraceUtility:ExtractStackTrace ()
UnityEditor.ProBuilder.EditorUtility:SetGizmoIconEnabled (System.Type,bool) (at Library/PackageCache/com.unity.probuilder@4.5.0/Editor/EditorCore/EditorUtility.cs:593)
UnityEditor.ProBuilder.HierarchyListener:.cctor () (at Library/PackageCache/com.unity.probuilder@4.5.0/Editor/EditorCore/HierarchyListener.cs:21)
System.Runtime.CompilerServices.RuntimeHelpers:RunClassConstructor (System.RuntimeTypeHandle)
UnityEditor.EditorAssemblies:ProcessInitializeOnLoadAttributes (System.Type[])

[Library/PackageCache/com.unity.probuilder@4.5.0/Editor/EditorCore/EditorUtility.cs line 593]

Invoked RoslynAnalysisRunner static constructor.
RoslynAnalysisRunner will not be running.
RoslynAnalysisRunner has terminated.
Mono: successfully reloaded assembly
- Completed reload, in  0.757 seconds
Platform modules already initialized, skipping
Refreshing native plugins compatible for Editor in 0.28 ms, found 0 plugins.
Preloading 0 native plugins for Editor in 0.00 ms.
Unloading 1570 Unused Serialized files (Serialized files now loaded: 0)
System memory in use before: 80.6 MB.
System memory in use after: 80.6 MB.

Unloading 6 unused Assets to reduce memory usage. Loaded Objects now: 2118.
Total: 1.750500 ms (FindLiveObjects: 0.151600 ms CreateObjectMapping: 0.044900 ms MarkObjects: 1.457000 ms  DeleteObjects: 0.095700 ms)

========================================================================
Received Import Request.
  Time since last request: 110.516781 seconds.
  path: Assets/Materials/PlayerMaterial.mat
  artifactKey: Guid(825d146d8ff557442bbd47ccea9be609) Importer(815301076,1909f56bfc062723c751e8b465ee728b)
Start importing Assets/Materials/PlayerMaterial.mat using Guid(825d146d8ff557442bbd47ccea9be609) Importer(815301076,1909f56bfc062723c751e8b465ee728b)  -> (artifact id: 'bad53276ee67345c56ab398c3b28e58e') in 0.050030 seconds
  Import took 0.052552 seconds .

========================================================================
Received Prepare
Registering precompiled user dll's ...
Registered in 0.000603 seconds.
Begin MonoManager ReloadAssembly
Native extension for WindowsStandalone target not found
Refreshing native plugins compatible for Editor in 0.28 ms, found 0 plugins.
Preloading 0 native plugins for Editor in 0.00 ms.
Warning: Annotation not found!
UnityEngine.StackTraceUtility:ExtractStackTrace ()
UnityEditor.ProBuilder.EditorUtility:SetGizmoIconEnabled (System.Type,bool) (at Library/PackageCache/com.unity.probuilder@4.5.0/Editor/EditorCore/EditorUtility.cs:593)
UnityEditor.ProBuilder.HierarchyListener:.cctor () (at Library/PackageCache/com.unity.probuilder@4.5.0/Editor/EditorCore/HierarchyListener.cs:21)
System.Runtime.CompilerServices.RuntimeHelpers:RunClassConstructor (System.RuntimeTypeHandle)
UnityEditor.EditorAssemblies:ProcessInitializeOnLoadAttributes (System.Type[])

[Library/PackageCache/com.unity.probuilder@4.5.0/Editor/EditorCore/EditorUtility.cs line 593]

Invoked RoslynAnalysisRunner static constructor.
RoslynAnalysisRunner will not be running.
RoslynAnalysisRunner has terminated.
Mono: successfully reloaded assembly
- Completed reload, in  0.700 seconds
Platform modules already initialized, skipping
Refreshing native plugins compatible for Editor in 0.27 ms, found 0 plugins.
Preloading 0 native plugins for Editor in 0.00 ms.
Unloading 1570 Unused Serialized files (Serialized files now loaded: 0)
System memory in use before: 80.6 MB.
System memory in use after: 80.7 MB.

Unloading 6 unused Assets to reduce memory usage. Loaded Objects now: 2121.
Total: 1.786300 ms (FindLiveObjects: 0.163300 ms CreateObjectMapping: 0.050800 ms MarkObjects: 1.474900 ms  DeleteObjects: 0.096500 ms)

========================================================================
Received Prepare
Registering precompiled user dll's ...
Registered in 0.000693 seconds.
Begin MonoManager ReloadAssembly
Native extension for WindowsStandalone target not found
Refreshing native plugins compatible for Editor in 0.28 ms, found 0 plugins.
Preloading 0 native plugins for Editor in 0.00 ms.
Warning: Annotation not found!
UnityEngine.StackTraceUtility:ExtractStackTrace ()
UnityEditor.ProBuilder.EditorUtility:SetGizmoIconEnabled (System.Type,bool) (at Library/PackageCache/com.unity.probuilder@4.5.0/Editor/EditorCore/EditorUtility.cs:593)
UnityEditor.ProBuilder.HierarchyListener:.cctor () (at Library/PackageCache/com.unity.probuilder@4.5.0/Editor/EditorCore/HierarchyListener.cs:21)
System.Runtime.CompilerServices.RuntimeHelpers:RunClassConstructor (System.RuntimeTypeHandle)
UnityEditor.EditorAssemblies:ProcessInitializeOnLoadAttributes (System.Type[])

[Library/PackageCache/com.unity.probuilder@4.5.0/Editor/EditorCore/EditorUtility.cs line 593]

Invoked RoslynAnalysisRunner static constructor.
RoslynAnalysisRunner will not be running.
RoslynAnalysisRunner has terminated.
Mono: successfully reloaded assembly
- Completed reload, in  0.783 seconds
Platform modules already initialized, skipping
Refreshing native plugins compatible for Editor in 0.28 ms, found 0 plugins.
Preloading 0 native plugins for Editor in 0.00 ms.
Unloading 1570 Unused Serialized files (Serialized files now loaded: 0)
System memory in use before: 80.6 MB.
System memory in use after: 80.7 MB.

Unloading 6 unused Assets to reduce memory usage. Loaded Objects now: 2123.
Total: 4.339100 ms (FindLiveObjects: 0.368300 ms CreateObjectMapping: 0.224900 ms MarkObjects: 3.609000 ms  DeleteObjects: 0.134700 ms)

========================================================================
Received Prepare
Registering precompiled user dll's ...
Registered in 0.000626 seconds.
Begin MonoManager ReloadAssembly
Native extension for WindowsStandalone target not found
Refreshing native plugins compatible for Editor in 0.28 ms, found 0 plugins.
Preloading 0 native plugins for Editor in 0.00 ms.
Warning: Annotation not found!
UnityEngine.StackTraceUtility:ExtractStackTrace ()
UnityEditor.ProBuilder.EditorUtility:SetGizmoIconEnabled (System.Type,bool) (at Library/PackageCache/com.unity.probuilder@4.5.0/Editor/EditorCore/EditorUtility.cs:593)
UnityEditor.ProBuilder.HierarchyListener:.cctor () (at Library/PackageCache/com.unity.probuilder@4.5.0/Editor/EditorCore/HierarchyListener.cs:21)
System.Runtime.CompilerServices.RuntimeHelpers:RunClassConstructor (System.RuntimeTypeHandle)
UnityEditor.EditorAssemblies:ProcessInitializeOnLoadAttributes (System.Type[])

[Library/PackageCache/com.unity.probuilder@4.5.0/Editor/EditorCore/EditorUtility.cs line 593]

Invoked RoslynAnalysisRunner static constructor.
RoslynAnalysisRunner will not be running.
RoslynAnalysisRunner has terminated.
Mono: successfully reloaded assembly
- Completed reload, in  0.755 seconds
Platform modules already initialized, skipping
Refreshing native plugins compatible for Editor in 0.29 ms, found 0 plugins.
Preloading 0 native plugins for Editor in 0.00 ms.
Unloading 1570 Unused Serialized files (Serialized files now loaded: 0)
System memory in use before: 80.6 MB.
System memory in use after: 80.7 MB.

Unloading 6 unused Assets to reduce memory usage. Loaded Objects now: 2125.
Total: 2.142700 ms (FindLiveObjects: 0.332200 ms CreateObjectMapping: 0.105700 ms MarkObjects: 1.591700 ms  DeleteObjects: 0.111500 ms)

========================================================================
Received Import Request.
  Time since last request: 437.274422 seconds.
  path: ProjectSettings/TagManager.asset
  artifactKey: Guid(00000000000000003000000000000000) Importer(815301076,1909f56bfc062723c751e8b465ee728b)
Start importing ProjectSettings/TagManager.asset using Guid(00000000000000003000000000000000) Importer(815301076,1909f56bfc062723c751e8b465ee728b)  -> (artifact id: '135b5813783864719e8674deb51bac1c') in 0.012433 seconds
  Import took 0.015651 seconds .

========================================================================
Received Prepare
Registering precompiled user dll's ...
Registered in 0.000580 seconds.
Begin MonoManager ReloadAssembly
Native extension for WindowsStandalone target not found
Refreshing native plugins compatible for Editor in 0.38 ms, found 0 plugins.
Preloading 0 native plugins for Editor in 0.00 ms.
Warning: Annotation not found!
UnityEngine.StackTraceUtility:ExtractStackTrace ()
UnityEditor.ProBuilder.EditorUtility:SetGizmoIconEnabled (System.Type,bool) (at Library/PackageCache/com.unity.probuilder@4.5.0/Editor/EditorCore/EditorUtility.cs:593)
UnityEditor.ProBuilder.HierarchyListener:.cctor () (at Library/PackageCache/com.unity.probuilder@4.5.0/Editor/EditorCore/HierarchyListener.cs:21)
System.Runtime.CompilerServices.RuntimeHelpers:RunClassConstructor (System.RuntimeTypeHandle)
UnityEditor.EditorAssemblies:ProcessInitializeOnLoadAttributes (System.Type[])

[Library/PackageCache/com.unity.probuilder@4.5.0/Editor/EditorCore/EditorUtility.cs line 593]

Invoked RoslynAnalysisRunner static constructor.
RoslynAnalysisRunner will not be running.
RoslynAnalysisRunner has terminated.
Mono: successfully reloaded assembly
- Completed reload, in  0.716 seconds
Platform modules already initialized, skipping
Refreshing native plugins compatible for Editor in 0.28 ms, found 0 plugins.
Preloading 0 native plugins for Editor in 0.00 ms.
Unloading 1570 Unused Serialized files (Serialized files now loaded: 0)
System memory in use before: 80.6 MB.
System memory in use after: 80.7 MB.

Unloading 7 unused Assets to reduce memory usage. Loaded Objects now: 2127.
Total: 1.846900 ms (FindLiveObjects: 0.160300 ms CreateObjectMapping: 0.050200 ms MarkObjects: 1.527400 ms  DeleteObjects: 0.107800 ms)

========================================================================
Received Prepare
Registering precompiled user dll's ...
Registered in 0.000704 seconds.
Begin MonoManager ReloadAssembly
Native extension for WindowsStandalone target not found
Refreshing native plugins compatible for Editor in 0.28 ms, found 0 plugins.
Preloading 0 native plugins for Editor in 0.00 ms.
Warning: Annotation not found!
UnityEngine.StackTraceUtility:ExtractStackTrace ()
UnityEditor.ProBuilder.EditorUtility:SetGizmoIconEnabled (System.Type,bool) (at Library/PackageCache/com.unity.probuilder@4.5.0/Editor/EditorCore/EditorUtility.cs:593)
UnityEditor.ProBuilder.HierarchyListener:.cctor () (at Library/PackageCache/com.unity.probuilder@4.5.0/Editor/EditorCore/HierarchyListener.cs:21)
System.Runtime.CompilerServices.RuntimeHelpers:RunClassConstructor (System.RuntimeTypeHandle)
UnityEditor.EditorAssemblies:ProcessInitializeOnLoadAttributes (System.Type[])

[Library/PackageCache/com.unity.probuilder@4.5.0/Editor/EditorCore/EditorUtility.cs line 593]

Invoked RoslynAnalysisRunner static constructor.
RoslynAnalysisRunner will not be running.
RoslynAnalysisRunner has terminated.
Mono: successfully reloaded assembly
- Completed reload, in  0.838 seconds
Platform modules already initialized, skipping
Refreshing native plugins compatible for Editor in 0.59 ms, found 0 plugins.
Preloading 0 native plugins for Editor in 0.00 ms.
Unloading 1570 Unused Serialized files (Serialized files now loaded: 0)
System memory in use before: 80.6 MB.
System memory in use after: 80.7 MB.

Unloading 6 unused Assets to reduce memory usage. Loaded Objects now: 2129.
Total: 2.280200 ms (FindLiveObjects: 0.215400 ms CreateObjectMapping: 0.063800 ms MarkObjects: 1.866200 ms  DeleteObjects: 0.132800 ms)

========================================================================
Received Import Request.
  Time since last request: 727.029096 seconds.
  path: Assets/Metal textures pack/pattern 24
  artifactKey: Guid(aa668cd8ef41c294fafa58716b7e34e1) Importer(815301076,1909f56bfc062723c751e8b465ee728b)
Start importing Assets/Metal textures pack/pattern 24 using Guid(aa668cd8ef41c294fafa58716b7e34e1) Importer(815301076,1909f56bfc062723c751e8b465ee728b)  -> (artifact id: '8620d47c007250bfe1e622b2ed8230e1') in 0.008393 seconds
  Import took 0.010977 seconds .

========================================================================
Received Import Request.
  Time since last request: 0.060730 seconds.
  path: Assets/Metal textures pack/pattern 24/diffuse.tga
  artifactKey: Guid(deff49745631c2d4eaf512af939c3880) Importer(815301076,1909f56bfc062723c751e8b465ee728b)
Start importing Assets/Metal textures pack/pattern 24/diffuse.tga using Guid(deff49745631c2d4eaf512af939c3880) Importer(815301076,1909f56bfc062723c751e8b465ee728b)  -> (artifact id: '7f781a1c9b02f90d379129898f1d2b38') in 0.026269 seconds
  Import took 0.028709 seconds .

========================================================================
Received Import Request.
  Time since last request: 0.000140 seconds.
  path: Assets/Metal textures pack/pattern 24/preview.jpg
  artifactKey: Guid(f8eba31df6a445d44a015cd2fa681b63) Importer(815301076,1909f56bfc062723c751e8b465ee728b)
Start importing Assets/Metal textures pack/pattern 24/preview.jpg using Guid(f8eba31df6a445d44a015cd2fa681b63) Importer(815301076,1909f56bfc062723c751e8b465ee728b)  -> (artifact id: 'a4cc3c1f73107c2500553c233f06b9b0') in 0.008784 seconds
  Import took 0.011012 seconds .

========================================================================
Received Import Request.
  Time since last request: 0.000160 seconds.
  path: Assets/Metal textures pack/pattern 24/normal.tga
  artifactKey: Guid(cc9ff8eee97b16a4384de8db8b91ba80) Importer(815301076,1909f56bfc062723c751e8b465ee728b)
Start importing Assets/Metal textures pack/pattern 24/normal.tga using Guid(cc9ff8eee97b16a4384de8db8b91ba80) Importer(815301076,1909f56bfc062723c751e8b465ee728b)  -> (artifact id: 'f5015eb25bf3e05eeba247ed205d7a4b') in 0.013530 seconds
  Import took 0.015758 seconds .

========================================================================
Received Import Request.
  Time since last request: 0.000140 seconds.
  path: Assets/Metal textures pack/pattern 24/Metal pattern 24.mat
  artifactKey: Guid(a8b04144f147be6489581d4fc35eedca) Importer(815301076,1909f56bfc062723c751e8b465ee728b)
Start importing Assets/Metal textures pack/pattern 24/Metal pattern 24.mat using Guid(a8b04144f147be6489581d4fc35eedca) Importer(815301076,1909f56bfc062723c751e8b465ee728b)  -> (artifact id: 'dae6179d9cdf9c0a3aa9f4d005015500') in 0.034288 seconds
  Import took 0.036563 seconds .

========================================================================
Received Prepare
Registering precompiled user dll's ...
Registered in 0.000591 seconds.
Begin MonoManager ReloadAssembly
Native extension for WindowsStandalone target not found
Refreshing native plugins compatible for Editor in 0.28 ms, found 0 plugins.
Preloading 0 native plugins for Editor in 0.00 ms.
Warning: Annotation not found!
UnityEngine.StackTraceUtility:ExtractStackTrace ()
UnityEditor.ProBuilder.EditorUtility:SetGizmoIconEnabled (System.Type,bool) (at Library/PackageCache/com.unity.probuilder@4.5.0/Editor/EditorCore/EditorUtility.cs:593)
UnityEditor.ProBuilder.HierarchyListener:.cctor () (at Library/PackageCache/com.unity.probuilder@4.5.0/Editor/EditorCore/HierarchyListener.cs:21)
System.Runtime.CompilerServices.RuntimeHelpers:RunClassConstructor (System.RuntimeTypeHandle)
UnityEditor.EditorAssemblies:ProcessInitializeOnLoadAttributes (System.Type[])

[Library/PackageCache/com.unity.probuilder@4.5.0/Editor/EditorCore/EditorUtility.cs line 593]

Invoked RoslynAnalysisRunner static constructor.
RoslynAnalysisRunner will not be running.
RoslynAnalysisRunner has terminated.
Mono: successfully reloaded assembly
- Completed reload, in  0.720 seconds
Platform modules already initialized, skipping
Refreshing native plugins compatible for Editor in 0.28 ms, found 0 plugins.
Preloading 0 native plugins for Editor in 0.00 ms.
Unloading 1571 Unused Serialized files (Serialized files now loaded: 0)
System memory in use before: 80.7 MB.
System memory in use after: 80.7 MB.

Unloading 6 unused Assets to reduce memory usage. Loaded Objects now: 2134.
Total: 1.828900 ms (FindLiveObjects: 0.153200 ms CreateObjectMapping: 0.050600 ms MarkObjects: 1.523800 ms  DeleteObjects: 0.100500 ms)

========================================================================
Received Prepare
Registering precompiled user dll's ...
Registered in 0.000861 seconds.
Begin MonoManager ReloadAssembly
Native extension for WindowsStandalone target not found
Refreshing native plugins compatible for Editor in 0.27 ms, found 0 plugins.
Preloading 0 native plugins for Editor in 0.00 ms.
Warning: Annotation not found!
UnityEngine.StackTraceUtility:ExtractStackTrace ()
UnityEditor.ProBuilder.EditorUtility:SetGizmoIconEnabled (System.Type,bool) (at Library/PackageCache/com.unity.probuilder@4.5.0/Editor/EditorCore/EditorUtility.cs:593)
UnityEditor.ProBuilder.HierarchyListener:.cctor () (at Library/PackageCache/com.unity.probuilder@4.5.0/Editor/EditorCore/HierarchyListener.cs:21)
System.Runtime.CompilerServices.RuntimeHelpers:RunClassConstructor (System.RuntimeTypeHandle)
UnityEditor.EditorAssemblies:ProcessInitializeOnLoadAttributes (System.Type[])

[Library/PackageCache/com.unity.probuilder@4.5.0/Editor/EditorCore/EditorUtility.cs line 593]

Invoked RoslynAnalysisRunner static constructor.
RoslynAnalysisRunner will not be running.
RoslynAnalysisRunner has terminated.
Mono: successfully reloaded assembly
- Completed reload, in  0.800 seconds
Platform modules already initialized, skipping
Refreshing native plugins compatible for Editor in 0.41 ms, found 0 plugins.
Preloading 0 native plugins for Editor in 0.00 ms.
Unloading 1571 Unused Serialized files (Serialized files now loaded: 0)
System memory in use before: 80.7 MB.
System memory in use after: 80.7 MB.

Unloading 6 unused Assets to reduce memory usage. Loaded Objects now: 2136.
Total: 1.955000 ms (FindLiveObjects: 0.184900 ms CreateObjectMapping: 0.064100 ms MarkObjects: 1.593300 ms  DeleteObjects: 0.111200 ms)

========================================================================
Received Prepare
Registering precompiled user dll's ...
Registered in 0.000758 seconds.
Begin MonoManager ReloadAssembly
Native extension for WindowsStandalone target not found
Refreshing native plugins compatible for Editor in 0.29 ms, found 0 plugins.
Preloading 0 native plugins for Editor in 0.00 ms.
Warning: Annotation not found!
UnityEngine.StackTraceUtility:ExtractStackTrace ()
UnityEditor.ProBuilder.EditorUtility:SetGizmoIconEnabled (System.Type,bool) (at Library/PackageCache/com.unity.probuilder@4.5.0/Editor/EditorCore/EditorUtility.cs:593)
UnityEditor.ProBuilder.HierarchyListener:.cctor () (at Library/PackageCache/com.unity.probuilder@4.5.0/Editor/EditorCore/HierarchyListener.cs:21)
System.Runtime.CompilerServices.RuntimeHelpers:RunClassConstructor (System.RuntimeTypeHandle)
UnityEditor.EditorAssemblies:ProcessInitializeOnLoadAttributes (System.Type[])

[Library/PackageCache/com.unity.probuilder@4.5.0/Editor/EditorCore/EditorUtility.cs line 593]

Invoked RoslynAnalysisRunner static constructor.
RoslynAnalysisRunner will not be running.
RoslynAnalysisRunner has terminated.
Mono: successfully reloaded assembly
- Completed reload, in  0.703 seconds
Platform modules already initialized, skipping
Refreshing native plugins compatible for Editor in 0.28 ms, found 0 plugins.
Preloading 0 native plugins for Editor in 0.00 ms.
Unloading 1571 Unused Serialized files (Serialized files now loaded: 0)
System memory in use before: 80.7 MB.
System memory in use after: 80.7 MB.

Unloading 6 unused Assets to reduce memory usage. Loaded Objects now: 2138.
Total: 1.864500 ms (FindLiveObjects: 0.170900 ms CreateObjectMapping: 0.052000 ms MarkObjects: 1.536300 ms  DeleteObjects: 0.104300 ms)

========================================================================
Received Prepare
Registering precompiled user dll's ...
Registered in 0.000589 seconds.
Begin MonoManager ReloadAssembly
Native extension for WindowsStandalone target not found
Refreshing native plugins compatible for Editor in 0.28 ms, found 0 plugins.
Preloading 0 native plugins for Editor in 0.00 ms.
Warning: Annotation not found!
UnityEngine.StackTraceUtility:ExtractStackTrace ()
UnityEditor.ProBuilder.EditorUtility:SetGizmoIconEnabled (System.Type,bool) (at Library/PackageCache/com.unity.probuilder@4.5.0/Editor/EditorCore/EditorUtility.cs:593)
UnityEditor.ProBuilder.HierarchyListener:.cctor () (at Library/PackageCache/com.unity.probuilder@4.5.0/Editor/EditorCore/HierarchyListener.cs:21)
System.Runtime.CompilerServices.RuntimeHelpers:RunClassConstructor (System.RuntimeTypeHandle)
UnityEditor.EditorAssemblies:ProcessInitializeOnLoadAttributes (System.Type[])

[Library/PackageCache/com.unity.probuilder@4.5.0/Editor/EditorCore/EditorUtility.cs line 593]

Invoked RoslynAnalysisRunner static constructor.
RoslynAnalysisRunner will not be running.
RoslynAnalysisRunner has terminated.
Mono: successfully reloaded assembly
- Completed reload, in  0.678 seconds
Platform modules already initialized, skipping
Refreshing native plugins compatible for Editor in 0.28 ms, found 0 plugins.
Preloading 0 native plugins for Editor in 0.00 ms.
Unloading 1571 Unused Serialized files (Serialized files now loaded: 0)
System memory in use before: 80.8 MB.
System memory in use after: 80.8 MB.

Unloading 6 unused Assets to reduce memory usage. Loaded Objects now: 2140.
Total: 1.727100 ms (FindLiveObjects: 0.154300 ms CreateObjectMapping: 0.046200 ms MarkObjects: 1.425300 ms  DeleteObjects: 0.100100 ms)

========================================================================
Received Prepare
Registering precompiled user dll's ...
Registered in 0.000945 seconds.
Begin MonoManager ReloadAssembly
Native extension for WindowsStandalone target not found
Refreshing native plugins compatible for Editor in 0.28 ms, found 0 plugins.
Preloading 0 native plugins for Editor in 0.00 ms.
Warning: Annotation not found!
UnityEngine.StackTraceUtility:ExtractStackTrace ()
UnityEditor.ProBuilder.EditorUtility:SetGizmoIconEnabled (System.Type,bool) (at Library/PackageCache/com.unity.probuilder@4.5.0/Editor/EditorCore/EditorUtility.cs:593)
UnityEditor.ProBuilder.HierarchyListener:.cctor () (at Library/PackageCache/com.unity.probuilder@4.5.0/Editor/EditorCore/HierarchyListener.cs:21)
System.Runtime.CompilerServices.RuntimeHelpers:RunClassConstructor (System.RuntimeTypeHandle)
UnityEditor.EditorAssemblies:ProcessInitializeOnLoadAttributes (System.Type[])

[Library/PackageCache/com.unity.probuilder@4.5.0/Editor/EditorCore/EditorUtility.cs line 593]

Invoked RoslynAnalysisRunner static constructor.
RoslynAnalysisRunner will not be running.
RoslynAnalysisRunner has terminated.
Mono: successfully reloaded assembly
- Completed reload, in  0.680 seconds
Platform modules already initialized, skipping
Refreshing native plugins compatible for Editor in 0.28 ms, found 0 plugins.
Preloading 0 native plugins for Editor in 0.00 ms.
Unloading 1571 Unused Serialized files (Serialized files now loaded: 0)
System memory in use before: 80.8 MB.
System memory in use after: 80.8 MB.

Unloading 6 unused Assets to reduce memory usage. Loaded Objects now: 2142.
Total: 2.153700 ms (FindLiveObjects: 0.193000 ms CreateObjectMapping: 0.062000 ms MarkObjects: 1.792000 ms  DeleteObjects: 0.105300 ms)

========================================================================
Received Prepare
Registering precompiled user dll's ...
Registered in 0.000844 seconds.
Begin MonoManager ReloadAssembly
Native extension for WindowsStandalone target not found
Refreshing native plugins compatible for Editor in 0.29 ms, found 0 plugins.
Preloading 0 native plugins for Editor in 0.00 ms.
Warning: Annotation not found!
UnityEngine.StackTraceUtility:ExtractStackTrace ()
UnityEditor.ProBuilder.EditorUtility:SetGizmoIconEnabled (System.Type,bool) (at Library/PackageCache/com.unity.probuilder@4.5.0/Editor/EditorCore/EditorUtility.cs:593)
UnityEditor.ProBuilder.HierarchyListener:.cctor () (at Library/PackageCache/com.unity.probuilder@4.5.0/Editor/EditorCore/HierarchyListener.cs:21)
System.Runtime.CompilerServices.RuntimeHelpers:RunClassConstructor (System.RuntimeTypeHandle)
UnityEditor.EditorAssemblies:ProcessInitializeOnLoadAttributes (System.Type[])

[Library/PackageCache/com.unity.probuilder@4.5.0/Editor/EditorCore/EditorUtility.cs line 593]

Invoked RoslynAnalysisRunner static constructor.
RoslynAnalysisRunner will not be running.
RoslynAnalysisRunner has terminated.
Mono: successfully reloaded assembly
- Completed reload, in  0.678 seconds
Platform modules already initialized, skipping
Refreshing native plugins compatible for Editor in 0.30 ms, found 0 plugins.
Preloading 0 native plugins for Editor in 0.00 ms.
Unloading 1571 Unused Serialized files (Serialized files now loaded: 0)
System memory in use before: 80.8 MB.
System memory in use after: 80.8 MB.

Unloading 6 unused Assets to reduce memory usage. Loaded Objects now: 2144.
Total: 1.822600 ms (FindLiveObjects: 0.155300 ms CreateObjectMapping: 0.045700 ms MarkObjects: 1.516900 ms  DeleteObjects: 0.103500 ms)

========================================================================
Received Prepare
Registering precompiled user dll's ...
Registered in 0.000608 seconds.
Begin MonoManager ReloadAssembly
Native extension for WindowsStandalone target not found
Refreshing native plugins compatible for Editor in 0.28 ms, found 0 plugins.
Preloading 0 native plugins for Editor in 0.00 ms.
Warning: Annotation not found!
UnityEngine.StackTraceUtility:ExtractStackTrace ()
UnityEditor.ProBuilder.EditorUtility:SetGizmoIconEnabled (System.Type,bool) (at Library/PackageCache/com.unity.probuilder@4.5.0/Editor/EditorCore/EditorUtility.cs:593)
UnityEditor.ProBuilder.HierarchyListener:.cctor () (at Library/PackageCache/com.unity.probuilder@4.5.0/Editor/EditorCore/HierarchyListener.cs:21)
System.Runtime.CompilerServices.RuntimeHelpers:RunClassConstructor (System.RuntimeTypeHandle)
UnityEditor.EditorAssemblies:ProcessInitializeOnLoadAttributes (System.Type[])

[Library/PackageCache/com.unity.probuilder@4.5.0/Editor/EditorCore/EditorUtility.cs line 593]

Invoked RoslynAnalysisRunner static constructor.
RoslynAnalysisRunner will not be running.
RoslynAnalysisRunner has terminated.
Mono: successfully reloaded assembly
- Completed reload, in  0.684 seconds
Platform modules already initialized, skipping
Refreshing native plugins compatible for Editor in 0.29 ms, found 0 plugins.
Preloading 0 native plugins for Editor in 0.00 ms.
Unloading 1571 Unused Serialized files (Serialized files now loaded: 0)
System memory in use before: 80.8 MB.
System memory in use after: 80.8 MB.

Unloading 6 unused Assets to reduce memory usage. Loaded Objects now: 2146.
Total: 1.953000 ms (FindLiveObjects: 0.161800 ms CreateObjectMapping: 0.055200 ms MarkObjects: 1.629300 ms  DeleteObjects: 0.105700 ms)

========================================================================
Received Import Request.
  Time since last request: 1390.832415 seconds.
  path: Assets/Scripts/WanderAI.cs
  artifactKey: Guid(9f985dddb910aa64ba35295e5ddb384f) Importer(815301076,1909f56bfc062723c751e8b465ee728b)
Start importing Assets/Scripts/WanderAI.cs using Guid(9f985dddb910aa64ba35295e5ddb384f) Importer(815301076,1909f56bfc062723c751e8b465ee728b)  -> (artifact id: '1ed895ebd4a026031dd799a15f6251c7') in 0.006974 seconds
  Import took 0.009728 seconds .

========================================================================
Received Import Request.
  Time since last request: 0.018419 seconds.
  path: Assets/Scripts/WanderAI.cs
  artifactKey: Guid(9f985dddb910aa64ba35295e5ddb384f) Importer(815301076,1909f56bfc062723c751e8b465ee728b)
Start importing Assets/Scripts/WanderAI.cs using Guid(9f985dddb910aa64ba35295e5ddb384f) Importer(815301076,1909f56bfc062723c751e8b465ee728b)  -> (artifact id: '1ed895ebd4a026031dd799a15f6251c7') in 0.001801 seconds
  Import took 0.004733 seconds .

========================================================================
Received Prepare
Registering precompiled user dll's ...
Registered in 0.000620 seconds.
Begin MonoManager ReloadAssembly
Native extension for WindowsStandalone target not found
Refreshing native plugins compatible for Editor in 0.32 ms, found 0 plugins.
Preloading 0 native plugins for Editor in 0.00 ms.
Warning: Annotation not found!
UnityEngine.StackTraceUtility:ExtractStackTrace ()
UnityEditor.ProBuilder.EditorUtility:SetGizmoIconEnabled (System.Type,bool) (at Library/PackageCache/com.unity.probuilder@4.5.0/Editor/EditorCore/EditorUtility.cs:593)
UnityEditor.ProBuilder.HierarchyListener:.cctor () (at Library/PackageCache/com.unity.probuilder@4.5.0/Editor/EditorCore/HierarchyListener.cs:21)
System.Runtime.CompilerServices.RuntimeHelpers:RunClassConstructor (System.RuntimeTypeHandle)
UnityEditor.EditorAssemblies:ProcessInitializeOnLoadAttributes (System.Type[])

[Library/PackageCache/com.unity.probuilder@4.5.0/Editor/EditorCore/EditorUtility.cs line 593]

Invoked RoslynAnalysisRunner static constructor.
RoslynAnalysisRunner will not be running.
RoslynAnalysisRunner has terminated.
Mono: successfully reloaded assembly
- Completed reload, in  0.752 seconds
Platform modules already initialized, skipping
Refreshing native plugins compatible for Editor in 0.29 ms, found 0 plugins.
Preloading 0 native plugins for Editor in 0.00 ms.
Unloading 1570 Unused Serialized files (Serialized files now loaded: 0)
System memory in use before: 80.8 MB.
System memory in use after: 80.8 MB.

Unloading 7 unused Assets to reduce memory usage. Loaded Objects now: 2147.
Total: 1.911300 ms (FindLiveObjects: 0.180200 ms CreateObjectMapping: 0.046900 ms MarkObjects: 1.577200 ms  DeleteObjects: 0.099000 ms)

========================================================================
Received Prepare
Registering precompiled user dll's ...
Registered in 0.000594 seconds.
Begin MonoManager ReloadAssembly
Native extension for WindowsStandalone target not found
Refreshing native plugins compatible for Editor in 0.29 ms, found 0 plugins.
Preloading 0 native plugins for Editor in 0.00 ms.
Warning: Annotation not found!
UnityEngine.StackTraceUtility:ExtractStackTrace ()
UnityEditor.ProBuilder.EditorUtility:SetGizmoIconEnabled (System.Type,bool) (at Library/PackageCache/com.unity.probuilder@4.5.0/Editor/EditorCore/EditorUtility.cs:593)
UnityEditor.ProBuilder.HierarchyListener:.cctor () (at Library/PackageCache/com.unity.probuilder@4.5.0/Editor/EditorCore/HierarchyListener.cs:21)
System.Runtime.CompilerServices.RuntimeHelpers:RunClassConstructor (System.RuntimeTypeHandle)
UnityEditor.EditorAssemblies:ProcessInitializeOnLoadAttributes (System.Type[])

[Library/PackageCache/com.unity.probuilder@4.5.0/Editor/EditorCore/EditorUtility.cs line 593]

Invoked RoslynAnalysisRunner static constructor.
RoslynAnalysisRunner will not be running.
RoslynAnalysisRunner has terminated.
Mono: successfully reloaded assembly
- Completed reload, in  0.701 seconds
Platform modules already initialized, skipping
Refreshing native plugins compatible for Editor in 0.28 ms, found 0 plugins.
Preloading 0 native plugins for Editor in 0.00 ms.
Unloading 1579 Unused Serialized files (Serialized files now loaded: 0)
System memory in use before: 81.0 MB.
System memory in use after: 81.1 MB.

Unloading 6 unused Assets to reduce memory usage. Loaded Objects now: 2158.
Total: 2.003800 ms (FindLiveObjects: 0.182900 ms CreateObjectMapping: 0.054000 ms MarkObjects: 1.659000 ms  DeleteObjects: 0.106500 ms)

AssetImportWorkerClient::OnTransportError - code=2 error=End of file
